Determining if the pthread_create exist failed with the following output:
Change Dir: /home/yago/Documents/Lectures/Bonn-Modern-C++/Homework/homework_2/igg_image/build/CMakeFiles/CMakeTmp

Run Build Command:"/usr/bin/make" "cmTC_e6eed/fast"
/usr/bin/make -f CMakeFiles/cmTC_e6eed.dir/build.make CMakeFiles/cmTC_e6eed.dir/build
make[1]: Entering directory '/home/yago/Documents/Lectures/Bonn-Modern-C++/Homework/homework_2/igg_image/build/CMakeFiles/CMakeTmp'
Building C object CMakeFiles/cmTC_e6eed.dir/CheckSymbolExists.c.o
/usr/bin/cc    -o CMakeFiles/cmTC_e6eed.dir/CheckSymbolExists.c.o   -c /home/yago/Documents/Lectures/Bonn-Modern-C++/Homework/homework_2/igg_image/build/CMakeFiles/CMakeTmp/CheckSymbolExists.c
Linking C executable cmTC_e6eed
/usr/bin/cmake -E cmake_link_script CMakeFiles/cmTC_e6eed.dir/link.txt --verbose=1
/usr/bin/cc      -rdynamic CMakeFiles/cmTC_e6eed.dir/CheckSymbolExists.c.o  -o cmTC_e6eed 
CMakeFiles/cmTC_e6eed.dir/CheckSymbolExists.c.o: In function `main':
CheckSymbolExists.c:(.text+0x1b): undefined reference to `pthread_create'
collect2: error: ld returned 1 exit status
CMakeFiles/cmTC_e6eed.dir/build.make:97: recipe for target 'cmTC_e6eed' failed
make[1]: *** [cmTC_e6eed] Error 1
make[1]: Leaving directory '/home/yago/Documents/Lectures/Bonn-Modern-C++/Homework/homework_2/igg_image/build/CMakeFiles/CMakeTmp'
Makefile:126: recipe for target 'cmTC_e6eed/fast' failed
make: *** [cmTC_e6eed/fast] Error 2

File /home/yago/Documents/Lectures/Bonn-Modern-C++/Homework/homework_2/igg_image/build/CMakeFiles/CMakeTmp/CheckSymbolExists.c:
/* */
#include <pthread.h>

int main(int argc, char** argv)
{
  (void)argv;
#ifndef pthread_create
  return ((int*)(&pthread_create))[argc];
#else
  (void)argc;
  return 0;
#endif
}

Determining if the function pthread_create exists in the pthreads failed with the following output:
Change Dir: /home/yago/Documents/Lectures/Bonn-Modern-C++/Homework/homework_2/igg_image/build/CMakeFiles/CMakeTmp

Run Build Command:"/usr/bin/make" "cmTC_5d36c/fast"
/usr/bin/make -f CMakeFiles/cmTC_5d36c.dir/build.make CMakeFiles/cmTC_5d36c.dir/build
make[1]: Entering directory '/home/yago/Documents/Lectures/Bonn-Modern-C++/Homework/homework_2/igg_image/build/CMakeFiles/CMakeTmp'
Building C object CMakeFiles/cmTC_5d36c.dir/CheckFunctionExists.c.o
/usr/bin/cc   -DCHECK_FUNCTION_EXISTS=pthread_create   -o CMakeFiles/cmTC_5d36c.dir/CheckFunctionExists.c.o   -c /usr/share/cmake-3.10/Modules/CheckFunctionExists.c
Linking C executable cmTC_5d36c
/usr/bin/cmake -E cmake_link_script CMakeFiles/cmTC_5d36c.dir/link.txt --verbose=1
/usr/bin/cc  -DCHECK_FUNCTION_EXISTS=pthread_create    -rdynamic CMakeFiles/cmTC_5d36c.dir/CheckFunctionExists.c.o  -o cmTC_5d36c -lpthreads 
/usr/bin/ld: cannot find -lpthreads
collect2: error: ld returned 1 exit status
CMakeFiles/cmTC_5d36c.dir/build.make:97: recipe for target 'cmTC_5d36c' failed
make[1]: *** [cmTC_5d36c] Error 1
make[1]: Leaving directory '/home/yago/Documents/Lectures/Bonn-Modern-C++/Homework/homework_2/igg_image/build/CMakeFiles/CMakeTmp'
Makefile:126: recipe for target 'cmTC_5d36c/fast' failed
make: *** [cmTC_5d36c/fast] Error 2


